Build started 21/03/2016 17:12:06.
     1>Project "F:\Galactic-War\Galactic War\Galactic War.vcxproj" on node 2 (Build target(s)).
     1>ClCompile:
         C:\Program Files (x86)\Microsoft Visual Studio 12.0\VC\bin\CL.exe /c /I"F:\Galactic-War\packages\directxtk_desktop_2013.2016.2.23.1\build\native\../../build/native/include/" /ZI /nologo /W3 /WX- /Od /Oy- /D HAS_DIRECTXTK /D WIN32 /D _DEBUG /D _WINDOWS /D _UNICODE /D UNICODE /Gm /EHsc /RTC1 /MDd /GS /arch:SSE2 /fp:fast /Zc:wchar_t /Zc:forScope /Yu"pch.h" /Fp"Debug\Galactic War.pch" /Fo"Debug\\" /Fd"Debug\vc120.pdb" /Gd /TP /analyze- /errorReport:prompt Game.cpp
         Game.cpp
     1>f:\galactic-war\galactic war\bullets.h(7): warning C4584: 'Bullets' : base-class 'Game' is already a base-class of 'Player'
                 f:\galactic-war\galactic war\game.h(14) : see declaration of 'Game'
                 f:\galactic-war\galactic war\player.h(5) : see declaration of 'Player'
     1>f:\galactic-war\galactic war\game.cpp(439): warning C4244: 'argument' : conversion from 'double' to 'int', possible loss of data
     1>f:\galactic-war\galactic war\game.cpp(602): warning C4244: '=' : conversion from 'float' to 'LONG', possible loss of data
     1>f:\galactic-war\galactic war\game.cpp(603): warning C4244: '=' : conversion from 'float' to 'LONG', possible loss of data
     1>f:\galactic-war\galactic war\game.cpp(604): warning C4244: '=' : conversion from 'float' to 'LONG', possible loss of data
     1>f:\galactic-war\galactic war\game.cpp(605): warning C4244: '=' : conversion from 'float' to 'LONG', possible loss of data
     1>f:\galactic-war\galactic war\game.cpp(607): warning C4244: '=' : conversion from 'float' to 'LONG', possible loss of data
     1>f:\galactic-war\galactic war\game.cpp(608): warning C4244: '=' : conversion from 'float' to 'LONG', possible loss of data
     1>f:\galactic-war\galactic war\game.cpp(609): warning C4244: '=' : conversion from 'float' to 'LONG', possible loss of data
     1>f:\galactic-war\galactic war\game.cpp(610): warning C4244: '=' : conversion from 'float' to 'LONG', possible loss of data
       Link:
         C:\Program Files (x86)\Microsoft Visual Studio 12.0\VC\bin\link.exe /ERRORREPORT:PROMPT /OUT:"F:\Galactic-War\Debug\Galactic War.exe" /INCREMENTAL /NOLOGO "F:\Galactic-War\packages\directxtk_desktop_2013.2016.2.23.1\build\native\../../build/native/lib/Win32/Debug/DirectXTKAudioDX.lib" "F:\Galactic-War\packages\directxtk_desktop_2013.2016.2.23.1\build\native\../../build/native/lib/Win32/Debug/DirectXTK.lib" d3d11.lib dxguid.lib uuid.lib kernel32.lib user32.lib gdi32.lib winspool.lib comdlg32.lib advapi32.lib shell32.lib ole32.lib oleaut32.lib uuid.lib odbc32.lib odbccp32.lib kernel32.lib user32.lib gdi32.lib winspool.lib comdlg32.lib advapi32.lib shell32.lib ole32.lib oleaut32.lib uuid.lib odbc32.lib odbccp32.lib /MANIFEST /MANIFESTUAC:"level='asInvoker' uiAccess='false'" /manifest:embed /manifestinput:settings.manifest /DEBUG /PDB:"F:\Galactic-War\Debug\Galactic War.pdb" /SUBSYSTEM:WINDOWS /TLBID:1 /DYNAMICBASE /NXCOMPAT /IMPLIB:"F:\Galactic-War\Debug\Galactic War.lib" /MACHINE:X86 Debug\resource.res
         Debug\Bullets.obj
         Debug\Game.obj
         Debug\Gamestate.obj
         Debug\Main.obj
         Debug\Menu.obj
         Debug\pch.obj
         Debug\Planets.obj
         Debug\Player.obj
         Galactic War.vcxproj -> F:\Galactic-War\Debug\Galactic War.exe
     1>Done Building Project "F:\Galactic-War\Galactic War\Galactic War.vcxproj" (Build target(s)).

Build succeeded.

Time Elapsed 00:00:00.84
