f:\year_2_work\directx_11\galactic_war\galactic war\debug\galactic war.pch
f:\year_2_work\directx_11\galactic_war\galactic war\debug\vc120.pdb
f:\year_2_work\directx_11\galactic_war\galactic war\debug\vc120.idb
f:\year_2_work\directx_11\galactic_war\galactic war\debug\pch.obj
f:\year_2_work\directx_11\galactic_war\galactic war\debug\game.obj
f:\year_2_work\directx_11\galactic_war\galactic war\debug\main.obj
f:\year_2_work\directx_11\galactic_war\debug\galactic war.ilk
f:\year_2_work\directx_11\galactic_war\debug\galactic war.exe
f:\year_2_work\directx_11\galactic_war\debug\galactic war.pdb
f:\year_2_work\directx_11\galactic_war\galactic war\debug\resource.res
f:\year_2_work\directx_11\galactic_war\galactic war\debug\galactic war.exe.embed.manifest.res
f:\year_2_work\directx_11\galactic_war\galactic war\debug\galactic war.exe.embed.manifest
f:\year_2_work\directx_11\galactic_war\galactic war\debug\galactic war_manifest.rc
f:\year_2_work\directx_11\galactic_war\galactic war\debug\galactic war.tlog\cl.command.1.tlog
f:\year_2_work\directx_11\galactic_war\galactic war\debug\galactic war.tlog\cl.read.1.tlog
f:\year_2_work\directx_11\galactic_war\galactic war\debug\galactic war.tlog\cl.write.1.tlog
f:\year_2_work\directx_11\galactic_war\galactic war\debug\galactic war.tlog\link.command.1.tlog
f:\year_2_work\directx_11\galactic_war\galactic war\debug\galactic war.tlog\link.read.1.tlog
f:\year_2_work\directx_11\galactic_war\galactic war\debug\galactic war.tlog\link.write.1.tlog
f:\year_2_work\directx_11\galactic_war\galactic war\debug\galactic war.tlog\rc.command.1.tlog
f:\year_2_work\directx_11\galactic_war\galactic war\debug\galactic war.tlog\rc.read.1.tlog
f:\year_2_work\directx_11\galactic_war\galactic war\debug\galactic war.tlog\rc.write.1.tlog
